Log file open, 02/02/18 12:54:00
LogInit:Display: Running engine for game: VoodooEscape
LogPlatformFile: Not using cached read wrapper
LogInit:Display: RandInit(-165149442) SRandInit(-165149442).
LogTaskGraph: Started task graph with 5 named threads and 10 total threads with 1 sets of task threads.
LogStats: Stats thread started at 0.115408
LogInit: Using libcurl 7.47.1
LogInit:  - built for x86_64-pc-win32
LogInit:  - supports SSL with OpenSSL/1.0.2g
LogInit:  - supports HTTP deflate (compression) using libz 1.2.8
LogInit:  - other features:
LogInit:      CURL_VERSION_SSL
LogInit:      CURL_VERSION_LIBZ
LogInit:      CURL_VERSION_IPV6
LogInit:      CURL_VERSION_ASYNCHDNS
LogInit:      CURL_VERSION_LARGEFILE
LogInit:      CURL_VERSION_IDN
LogInit:  CurlRequestOptions (configurable via config and command line):
LogInit:  - bVerifyPeer = false  - Libcurl will NOT verify peer certificate
LogInit:  - bUseHttpProxy = false  - Libcurl will NOT use HTTP proxy
LogInit:  - bDontReuseConnections = false  - Libcurl will reuse connections
LogInit:  - CertBundlePath = nullptr  - Libcurl will use whatever was configured at build time.
LogInit: Build: ++UE4+Release-4.16-CL-3466753
LogInit: Engine Version: 4.16.1-3466753+++UE4+Release-4.16
LogInit: Compatible Engine Version: 4.16.0-3452394+++UE4+Release-4.16
LogInit: Net CL: 3452394
LogDevObjectVersion: Number of dev versions registered: 16
LogDevObjectVersion:   Dev-Blueprints (B0D832E4-1F89-4F0D-ACCF-7EB736FD4AA2): 9
LogDevObjectVersion:   Dev-Build (E1C64328-A22C-4D53-A36C-8E866417BD8C): 0
LogDevObjectVersion:   Dev-Core (375EC13C-06E4-48FB-B500-84F0262A717E): 2
LogDevObjectVersion:   Dev-Editor (E4B068ED-F494-42E9-A231-DA0B2E46BB41): 17
LogDevObjectVersion:   Dev-Framework (CFFC743F-43B0-4480-9391-14DF171D2073): 23
LogDevObjectVersion:   Dev-Mobile (B02B49B5-BB20-44E9-A304-32B752E40360): 0
LogDevObjectVersion:   Dev-Networking (A4E4105C-59A1-49B5-A7C5-40C4547EDFEE): 0
LogDevObjectVersion:   Dev-Online (39C831C9-5AE6-47DC-9A44-9C173E1C8E7C): 0
LogDevObjectVersion:   Dev-Physics (78F01B33-EBEA-4F98-B9B4-84EACCB95AA2): 0
LogDevObjectVersion:   Dev-Platform (6631380F-2D4D-43E0-8009-CF276956A95A): 0
LogDevObjectVersion:   Dev-Rendering (12F88B9F-8875-4AFC-A67C-D90C383ABD29): 15
LogDevObjectVersion:   Dev-Sequencer (7B5AE74C-D270-4C10-A958-57980B212A5A): 4
LogDevObjectVersion:   Dev-VR (D7296918-1DD6-4BDD-9DE2-64A83CC13884): 0
LogDevObjectVersion:   Dev-LoadTimes (C2A15278-BFE7-4AFE-6C17-90FF531DF755): 1
LogDevObjectVersion:   Private-Geometry (6EACA3D4-40EC-4CC1-B786-8BED09428FC5): 1
LogDevObjectVersion:   Dev-AnimPhys (29E575DD-E0A3-4627-9D10-D276232CDCEA): 3
LogInit: Compiled (64-bit): May 31 2017 02:03:30
LogInit: Compiled with Visual C++: 19.00.24215.01
LogInit: Build Configuration: Development
LogInit: Branch Name: ++UE4+Release-4.16
LogInit: Command line:  
LogInit: Base directory: C:/Program Files/Epic Games/UE_4.16/Engine/Binaries/Win64/
LogInit: Installed Engine Build: 1
LogInit: Presizing for max 8388607 objects, including 0 objects not considered by GC, pre-allocating 0 bytes for permanent pool.
LogInit: Object subsystem initialized
[2018.02.02-18.54.01:261][  0]LogInit: Selected Device Profile: [Windows]
[2018.02.02-18.54.01:261][  0]LogInit: Applying CVar settings loaded from the selected device profile: [Windows]
[2018.02.02-18.54.01:285][  0]LogInit: Computer: T250-7
[2018.02.02-18.54.01:285][  0]LogInit: User: student
[2018.02.02-18.54.01:285][  0]LogInit: CPU Page size=4096, Cores=6
[2018.02.02-18.54.01:285][  0]LogInit: High frequency timer resolution =3.312666 MHz
[2018.02.02-18.54.01:285][  0]LogMemory: Memory total: Physical=31.9GB (32GB approx)
[2018.02.02-18.54.01:285][  0]LogMemory: Platform Memory Stats for Windows
[2018.02.02-18.54.01:285][  0]LogMemory: Process Physical Memory: 276.75 MB used, 276.75 MB peak
[2018.02.02-18.54.01:285][  0]LogMemory: Process Virtual Memory: 271.05 MB used, 271.05 MB peak
[2018.02.02-18.54.01:285][  0]LogMemory: Physical Memory: 5765.07 MB used,  26892.94 MB free, 32658.01 MB total
[2018.02.02-18.54.01:285][  0]LogMemory: Virtual Memory: 627.32 MB used,  26892.94 MB free, 8388608.00 MB total
[2018.02.02-18.54.01:367][  0]LogInit: Using OS detected language (en-US).
[2018.02.02-18.54.01:367][  0]LogInit: Using OS detected locale (en-US).
[2018.02.02-18.54.01:369][  0]LogTextLocalizationManager: No specific localization for 'en-US' exists, so the 'en' localization will be used.
[2018.02.02-18.54.02:155][  0]LogD3D11RHI: D3D11 adapters:
[2018.02.02-18.54.02:195][  0]LogD3D11RHI:    0. 'NVIDIA GeForce GTX 1070' (Feature Level 11_0)
[2018.02.02-18.54.02:195][  0]LogD3D11RHI:       8085/0/16073 MB DedicatedVideo/DedicatedSystem/SharedSystem, Outputs:1, VendorId:0x10de
[2018.02.02-18.54.02:195][  0]LogD3D11RHI: Chosen D3D11 Adapter: 0
[2018.02.02-18.54.02:203][  0]LogD3D11RHI: Creating new Direct3DDevice
[2018.02.02-18.54.02:203][  0]LogD3D11RHI:     GPU DeviceId: 0x1b81 (for the marketing name, search the web for "GPU Device Id")
[2018.02.02-18.54.02:203][  0]LogWindows: EnumDisplayDevices:
[2018.02.02-18.54.02:203][  0]LogWindows:    0. 'NVIDIA GeForce GTX 1070' (P:1 D:1)
[2018.02.02-18.54.02:204][  0]LogWindows:    1. 'NVIDIA GeForce GTX 1070' (P:0 D:0)
[2018.02.02-18.54.02:204][  0]LogWindows:    2. 'NVIDIA GeForce GTX 1070' (P:0 D:0)
[2018.02.02-18.54.02:204][  0]LogWindows:    3. 'NVIDIA GeForce GTX 1070' (P:0 D:0)
[2018.02.02-18.54.02:205][  0]LogWindows:    4. 'RDPDD Chained DD' (P:0 D:0)
[2018.02.02-18.54.02:205][  0]LogWindows:    5. 'RDP Encoder Mirror Driver' (P:0 D:0)
[2018.02.02-18.54.02:205][  0]LogWindows:    6. 'RDP Reflector Display Driver' (P:0 D:0)
[2018.02.02-18.54.02:205][  0]LogWindows: DebugString: GetVideoDriverDetailsInvalid PrimaryIsNotTheChoosenAdapter GetVideoDriverDetailsInvalid PrimaryIsNotTheChoosenAdapter GetVideoDriverDetailsInvalid PrimaryIsNotTheChoosenAdapter FoundDriverCount:4 
[2018.02.02-18.54.02:205][  0]LogD3D11RHI:     Adapter Name: NVIDIA GeForce GTX 1070
[2018.02.02-18.54.02:205][  0]LogD3D11RHI:   Driver Version: 382.33 (internal:22.21.13.8233, unified:382.33)
[2018.02.02-18.54.02:205][  0]LogD3D11RHI:      Driver Date: 5-17-2017
[2018.02.02-18.54.02:205][  0]LogRHI: Texture pool is 1361 MB (70% of 1945 MB)
[2018.02.02-18.54.02:222][  0]LogD3D11RHI: Async texture creation enabled
[2018.02.02-18.54.02:237][  0]LogD3D11RHI: GPU Timing Frequency: 1000.000000 (Debug: 2 2)
[2018.02.02-18.54.02:286][  0]LogShaderCompilers: Guid format shader working directory is 33 characters bigger than the processId version (D:/VoodooEscape/Intermediate/Shaders/WorkingDirectory/3220/).
[2018.02.02-18.54.02:287][  0]LogShaderCompilers: Cleaned the shader compiler working directory 'C:/Users/student/AppData/Local/Temp/UnrealShaderWorkingDir/F52880EC454C37D5F35567939274A858/'.
[2018.02.02-18.54.02:287][  0]LogShaderCompilers:Display: Using Local Shader Compiler.
[2018.02.02-18.54.03:363][  0]LogTemp:Display: Loaded TP AllDesktopTargetPlatform
[2018.02.02-18.54.03:398][  0]LogTemp:Display: Loaded TP MacClientTargetPlatform
[2018.02.02-18.54.03:473][  0]LogTemp:Display: Loaded TP MacNoEditorTargetPlatform
[2018.02.02-18.54.03:513][  0]LogTemp:Display: Loaded TP MacServerTargetPlatform
[2018.02.02-18.54.03:548][  0]LogTemp:Display: Loaded TP MacTargetPlatform
[2018.02.02-18.54.03:589][  0]LogTemp:Display: Loaded TP WindowsClientTargetPlatform
[2018.02.02-18.54.03:637][  0]LogTemp:Display: Loaded TP WindowsNoEditorTargetPlatform
[2018.02.02-18.54.03:695][  0]LogTemp:Display: Loaded TP WindowsServerTargetPlatform
[2018.02.02-18.54.03:734][  0]LogTemp:Display: Loaded TP WindowsTargetPlatform
[2018.02.02-18.54.03:774][  0]LogTemp:Display: Loaded TP AndroidTargetPlatform
[2018.02.02-18.54.03:808][  0]LogTemp:Display: Loaded TP Android_ASTCTargetPlatform
[2018.02.02-18.54.03:852][  0]LogTemp:Display: Loaded TP Android_ATCTargetPlatform
[2018.02.02-18.54.03:904][  0]LogTemp:Display: Loaded TP Android_DXTTargetPlatform
[2018.02.02-18.54.03:939][  0]LogTemp:Display: Loaded TP Android_ETC1TargetPlatform
[2018.02.02-18.54.03:984][  0]LogTemp:Display: Loaded TP Android_ETC2TargetPlatform
[2018.02.02-18.54.04:154][  0]LogTemp:Display: Loaded TP Android_MultiTargetPlatform
[2018.02.02-18.54.04:154][  0]LogTemp:Display: Loaded TP Android_PVRTCTargetPlatform
[2018.02.02-18.54.04:216][  0]LogTemp:Display: Loaded TP HTML5TargetPlatform
[2018.02.02-18.54.04:299][  0]LogTemp:Display: Loaded TP IOSTargetPlatform
[2018.02.02-18.54.04:351][  0]LogTemp:Display: Loaded TP TVOSTargetPlatform
[2018.02.02-18.54.04:389][  0]LogTemp:Display: Loaded TP LinuxClientTargetPlatform
[2018.02.02-18.54.04:437][  0]LogTemp:Display: Loaded TP LinuxNoEditorTargetPlatform
[2018.02.02-18.54.04:497][  0]LogTemp:Display: Loaded TP LinuxServerTargetPlatform
[2018.02.02-18.54.04:535][  0]LogTemp:Display: Loaded TP LinuxTargetPlatform
[2018.02.02-18.54.04:535][  0]LogTargetPlatformManager:Display: Building Assets For Windows
[2018.02.02-18.54.04:953][  0]LogDerivedDataCache:Display: Max Cache Size: 512 MB
[2018.02.02-18.54.05:043][  0]LogDerivedDataCache: Loaded boot cache 0.09s 90MB C:/Users/student/AppData/Local/UnrealEngine/4.16/DerivedDataCache/Boot.ddc.
[2018.02.02-18.54.05:043][  0]LogDerivedDataCache:Display: Loaded Boot cache: C:/Users/student/AppData/Local/UnrealEngine/4.16/DerivedDataCache/Boot.ddc
[2018.02.02-18.54.05:043][  0]LogDerivedDataCache: FDerivedDataBackendGraph:  Pak pak cache file D:/VoodooEscape/DerivedDataCache/DDC.ddp not found, will not use a pak cache.
[2018.02.02-18.54.05:043][  0]LogDerivedDataCache: Unable to find inner node Pak for hierarchical cache Hierarchy.
[2018.02.02-18.54.05:043][  0]LogDerivedDataCache: FDerivedDataBackendGraph:  CompressedPak pak cache file D:/VoodooEscape/DerivedDataCache/Compressed.ddp not found, will not use a pak cache.
[2018.02.02-18.54.05:043][  0]LogDerivedDataCache: Unable to find inner node CompressedPak for hierarchical cache Hierarchy.
[2018.02.02-18.54.05:058][  0]LogDerivedDataCache:Display: Pak cache opened for reading ../../../Engine/DerivedDataCache/Compressed.ddp.
[2018.02.02-18.54.05:070][  0]LogDerivedDataCache: Using Local data cache path C:/Users/student/AppData/Local/UnrealEngine/Common/DerivedDataCache: Writable
[2018.02.02-18.54.05:083][  0]LogMaterial: Verifying Global Shaders for PCD3D_SM5
[2018.02.02-18.54.05:083][  0]LogSlate: Using Freetype 2.6.0
[2018.02.02-18.54.05:083][  0]LogSlate: SlateFontCache - WITH_FREETYPE: 1, WITH_HARFBUZZ: 1
[2018.02.02-18.54.05:083][  0]LogSlate: SlateFontCache - WITH_FREETYPE: 1, WITH_HARFBUZZ: 1
[2018.02.02-18.54.05:436][  0]LogInit: Selected Device Profile: [Windows]
[2018.02.02-18.54.05:440][  0]LogContentStreaming: Texture pool size is 0.00 MB
[2018.02.02-18.54.05:683][  0]LogMeshUtilities: Using QuadricMeshReduction for automatic static mesh reduction
[2018.02.02-18.54.05:712][  0]LogSimplygon: Simplygon DLL not present - disabling.
[2018.02.02-18.54.05:780][  0]LogMeshUtilities: Using SimplygonSwarm for distributed automatic mesh merging
[2018.02.02-18.54.05:780][  0]LogMeshUtilities: No automatic skeletal mesh reduction module available
[2018.02.02-18.54.05:780][  0]LogMeshUtilities: No automatic mesh merging module available
[2018.02.02-18.54.06:393][  0]LogNetVersion: VoodooEscape , NetCL: 3452394, EngineNetVer: 2, GameNetVer: 0 (Checksum: 182853056)
[2018.02.02-18.54.06:446][  0]LogAssetRegistry: FAssetRegistry took 0.0233 seconds to start up
[2018.02.02-18.54.06:512][  0]LogPackageLocalizationCache: Processed 4 localized package path(s) for 2 prioritized culture(s) in 0.034800 seconds
[2018.02.02-18.54.06:518][  0]LogUObjectArray: 34194 objects as part of root set at end of initial load.
[2018.02.02-18.54.06:518][  0]LogUObjectAllocator: 7260416 out of 0 bytes used by permanent object pool.
[2018.02.02-18.54.06:518][  0]LogUObjectArray: CloseDisregardForGC: 0/0 objects in disregard for GC pool
[2018.02.02-18.54.06:598][  0]LogInit: WinSock: version 1.1 (2.2), MaxSocks=32767, MaxUdp=65467
[2018.02.02-18.54.08:899][  0]LogTcpMessaging: Initializing TcpMessaging bridge
[2018.02.02-18.54.08:928][  0]LogUdpMessaging: Initializing bridge on interface 0.0.0.0:0 to multicast group 230.0.0.1:6666.
[2018.02.02-18.54.09:437][  0]LogMaterial: Uniform references updated for custom material expression Custom.
[2018.02.02-18.54.09:776][  0]SourceControl: Info Source control is disabled
[2018.02.02-18.54.11:031][  0]LogAndroidPermission: UAndroidPermissionCallbackProxy::GetInstance
[2018.02.02-18.54.11:480][  0]LogEngine: Initializing Engine...
[2018.02.02-18.54.11:480][  0]LogHMD: Failed to initialize OpenVR with code 110
[2018.02.02-18.54.11:820][  0]LogStats: UGameplayTagsManager::ConstructGameplayTagTree: Construct from data asset -  0.000 s
[2018.02.02-18.54.11:820][  0]LogStats: UGameplayTagsManager::ConstructGameplayTagTree: GameplayTagTreeChangedEvent.Broadcast -  0.000 s
[2018.02.02-18.54.11:976][  0]LogAIModule: Creating AISystem for world Untitled
[2018.02.02-18.54.12:000][  0]LogInit: XAudio2 using 'Speakers (Sound Blaster Recon3Di)' : 2 channels at 48 kHz using 32 bits per sample (channel mask 0x3)
[2018.02.02-18.54.12:038][  0]LogInit: FAudioDevice initialized.
[2018.02.02-18.54.12:094][  0]LogDerivedDataCache: Saved boot cache 0.06s 90MB C:/Users/student/AppData/Local/UnrealEngine/4.16/DerivedDataCache/Boot.ddc.
[2018.02.02-18.54.12:112][  0]LogInit: Texture streaming: Enabled
[2018.02.02-18.54.12:206][  0]LogEngineSessionManager: EngineSessionManager initialized
[2018.02.02-18.54.12:375][  0]LogInit: Transaction tracking system initialized
[2018.02.02-18.54.12:697][  0]BlueprintLog: New page: Editor Load
[2018.02.02-18.54.13:503][  0]LocalizationService: Info Localization service is disabled
[2018.02.02-18.54.14:079][  0]LogConsoleResponse:Display: 
[2018.02.02-18.54.14:233][  0]LogCook:Display: Max memory allowance for cook 16384mb min free memory 0mb
[2018.02.02-18.54.14:233][  0]LogCook:Display: Mobile HDR setting 1
[2018.02.02-18.54.15:036][  0]LogFileCache: Scanning file cache for directory 'D:/VoodooEscape/Content/' took 0.02s
[2018.02.02-18.54.15:359][  0]Cmd: MAP LOAD FILE="D:/VoodooEscape/Content/ThirdPersonBP/Maps/ThirdPersonExampleMap.umap" TEMPLATE=0 SHOWPROGRESS=1 FEATURELEVEL=3
[2018.02.02-18.54.15:360][  0]LightingResults: New page: Lighting Build
[2018.02.02-18.54.15:400][  0]MapCheck: New page: Map Check
[2018.02.02-18.54.15:400][  0]LightingResults: New page: Lighting Build
[2018.02.02-18.54.15:998][  0]LogAIModule: Creating AISystem for world ThirdPersonExampleMap
[2018.02.02-18.54.16:014][  0]LogEditorServer: Finished looking for orphan Actors (0.000 secs)
[2018.02.02-18.54.16:045][  0]Cmd: MAP CHECKDEP NOCLEARLOG
[2018.02.02-18.54.16:112][  0]MapCheck: Info Map check complete: 0 Error(s), 0 Warning(s), took 67.645ms to complete.
[2018.02.02-18.54.16:112][  0]LogFileHelpers: Loading map 'ThirdPersonExampleMap' took 0.753
[2018.02.02-18.54.16:241][  0]LogCollectionManager: Loaded 0 collections in 0.000924 seconds
[2018.02.02-18.54.16:321][  0]LogFileCache: Scanning file cache for directory 'D:/VoodooEscape/Saved/Collections/' took 0.01s
[2018.02.02-18.54.16:321][  0]LogFileCache: Scanning file cache for directory 'D:/VoodooEscape/Content/Developers/student/Collections/' took 0.01s
[2018.02.02-18.54.16:321][  0]LogFileCache: Scanning file cache for directory 'D:/VoodooEscape/Content/Collections/' took 0.00s
[2018.02.02-18.54.16:321][  0]LogCollectionManager: Rebuilt the GUID cache for 0 collections in 0.000002 seconds
[2018.02.02-18.54.16:329][  0]LogContentBrowser: Native class hierarchy populated in 0.0079 seconds. Added 2331 classes and 493 folders.
[2018.02.02-18.54.16:396][  0]LogContentBrowser: Native class hierarchy updated for 'WidgetCarousel' in 0.0008 seconds. Added 0 classes and 0 folders.
[2018.02.02-18.54.16:435][  0]LogContentBrowser: Native class hierarchy updated for 'AddContentDialog' in 0.0008 seconds. Added 0 classes and 0 folders.
[2018.02.02-18.54.16:466][  0]LogContentBrowser: Native class hierarchy updated for 'SceneOutliner' in 0.0008 seconds. Added 1 classes and 2 folders.
[2018.02.02-18.54.16:500][  0]LogCrashTracker: Crashtracker disabled due to settings.
[2018.02.02-18.54.16:503][  0]LogSlate: Took 0.000132 seconds to synchronously load lazily loaded font '../../../Engine/Content/Slate/Fonts/Roboto-Regular.ttf' (155K)
[2018.02.02-18.54.16:505][  0]LogSlate: Took 0.000123 seconds to synchronously load lazily loaded font '../../../Engine/Content/Slate/Fonts/Roboto-Bold.ttf' (160K)
[2018.02.02-18.54.16:508][  0]LogSlate: Took 0.000111 seconds to synchronously load lazily loaded font '../../../Engine/Content/Editor/Slate/Fonts/FontAwesome.ttf' (139K)
[2018.02.02-18.54.16:584][  0]LogRenderer: Reallocating scene render targets to support 1616x576 NumSamples 1 (Frame:1).
[2018.02.02-18.54.16:756][  0]LogUObjectGlobals:Warning: Failed to find object 'Class None.'
[2018.02.02-18.54.16:851][  0]LogContentBrowser: Native class hierarchy updated for 'HierarchicalLODOutliner' in 0.0015 seconds. Added 1 classes and 2 folders.
[2018.02.02-18.54.16:851][  0]LogLoad: (Engine Initialization) Total time: 17.08 seconds
[2018.02.02-18.54.16:851][  0]LogLoad: (Engine Initialization) Total Blueprint compile time: 0.15 seconds
[2018.02.02-18.54.16:851][  0]LogExternalProfiler: Found external profiler: VSPerf
[2018.02.02-18.54.16:851][  0]LogExternalProfiler: Using external profiler: VSPerf
[2018.02.02-18.54.16:861][  0]LogOcInput: OculusInput pre-init called
[2018.02.02-18.54.16:861][  0]LogHMD: Starting GearVRController plugin
[2018.02.02-18.54.16:887][  0]SourceControl: Info On branch master
[2018.02.02-18.54.16:887][  0]SourceControl: Info Your branch and 'origin/master' have diverged,
[2018.02.02-18.54.16:887][  0]SourceControl: Info and have 6 and 33 different commits each, respectively.
[2018.02.02-18.54.16:887][  0]SourceControl: Info   (use "git pull" to merge the remote branch into yours)
[2018.02.02-18.54.16:887][  0]SourceControl: Info Changes not staged for commit:
[2018.02.02-18.54.16:887][  0]SourceControl: Info   (use "git add/rm <file>..." to update what will be committed)
[2018.02.02-18.54.16:887][  0]SourceControl: Info   (use "git checkout -- <file>..." to discard changes in working directory)
[2018.02.02-18.54.16:887][  0]SourceControl: Info 	modified:   Content/ThirdPersonBP/Blueprints/ThirdPersonCharacter.uasset
[2018.02.02-18.54.16:887][  0]SourceControl: Info 	modified:   Content/ThirdPersonBP/Maps/ThirdPersonExampleMap.umap
[2018.02.02-18.54.16:887][  0]SourceControl: Info 	modified:   Content/ThirdPersonBP/Maps/ThirdPersonExampleMap_BuiltData.uasset
[2018.02.02-18.54.16:887][  0]SourceControl: Info 	modified:   Intermediate/CachedAssetRegistry.bin
[2018.02.02-18.54.16:887][  0]SourceControl: Info 	modified:   Saved/AutoScreenshot.png
[2018.02.02-18.54.16:887][  0]SourceControl: Info 	modified:   Saved/Autosaves/Game/ThirdPersonBP/Blueprints/ThirdPersonCharacter_Auto6.uasset
[2018.02.02-18.54.16:887][  0]SourceControl: Info 	deleted:    Saved/Config/CrashReportClient/UE4CC-Windows-FCA7D7E64095DE2AC15CA3BDAA9B1B72/CrashReportClient.ini
[2018.02.02-18.54.16:887][  0]SourceControl: Info 	modified:   Saved/Config/Windows/Editor.ini
[2018.02.02-18.54.16:887][  0]SourceControl: Info 	modified:   Saved/Config/Windows/EditorPerProjectUserSettings.ini
[2018.02.02-18.54.16:887][  0]SourceControl: Info 	modified:   Saved/Config/Windows/Engine.ini
[2018.02.02-18.54.16:887][  0]SourceControl: Info 	deleted:    Saved/Logs/VoodooEscape-backup-2018.01.18-17.13.36.log
[2018.02.02-18.54.16:887][  0]SourceControl: Info 	modified:   Saved/Logs/VoodooEscape.log
[2018.02.02-18.54.16:887][  0]SourceControl: Info Untracked files:
[2018.02.02-18.54.16:887][  0]SourceControl: Info   (use "git add <file>..." to include in what will be committed)
[2018.02.02-18.54.16:887][  0]SourceControl: Info 	Binaries/
[2018.02.02-18.54.16:887][  0]SourceControl: Info 	Intermediate/AssetRegistryCache/311563bb.bin
[2018.02.02-18.54.16:887][  0]SourceControl: Info 	Intermediate/AssetRegistryCache/c90e3f55.bin
[2018.02.02-18.54.16:887][  0]SourceControl: Info 	Intermediate/Build/
[2018.02.02-18.54.16:887][  0]SourceControl: Info 	Intermediate/ProjectFiles/
[2018.02.02-18.54.16:887][  0]SourceControl: Info 	Saved/Autosaves/Game/ThirdPersonBP/Blueprints/MOLLY/
[2018.02.02-18.54.16:887][  0]SourceControl: Info 	Saved/Autosaves/Game/ThirdPersonBP/Blueprints/MollyAI_Auto2.uasset
[2018.02.02-18.54.16:887][  0]SourceControl: Info 	Saved/Autosaves/Game/ThirdPersonBP/Blueprints/MollyAI_Auto3.uasset
[2018.02.02-18.54.16:887][  0]SourceControl: Info 	Saved/Autosaves/Game/ThirdPersonBP/Blueprints/MollyAI_Auto4.uasset
[2018.02.02-18.54.16:887][  0]SourceControl: Info 	Saved/Autosaves/Game/ThirdPersonBP/Blueprints/ThirdPersonCharacter_Auto0.uasset
[2018.02.02-18.54.16:887][  0]SourceControl: Info 	Saved/Autosaves/Game/ThirdPersonBP/Blueprints/ThirdPersonCharacter_Auto2.uasset
[2018.02.02-18.54.16:887][  0]SourceControl: Info 	Saved/Autosaves/Game/ThirdPersonBP/Blueprints/ThirdPersonCharacter_Auto8.uasset
[2018.02.02-18.54.16:887][  0]SourceControl: Info 	Saved/Autosaves/Game/ThirdPersonBP/Blueprints/ThirdPersonCharacter_Auto9.uasset
[2018.02.02-18.54.16:887][  0]SourceControl: Info 	Saved/Autosaves/Game/ThirdPersonBP/Maps/
[2018.02.02-18.54.16:887][  0]SourceControl: Info 	Saved/Backup/CloseEnough_2018-02-02-11-15-36.uasset
[2018.02.02-18.54.16:887][  0]SourceControl: Info 	Saved/Backup/CloseEnough_2018-02-02-12-18-21.uasset
[2018.02.02-18.54.16:887][  0]SourceControl: Info 	Saved/Backup/CloseEnough_2018-02-02-12-43-10.uasset
[2018.02.02-18.54.16:887][  0]SourceControl: Info 	Saved/Backup/FollowCheck_2018-02-02-10-36-32.uasset
[2018.02.02-18.54.16:887][  0]SourceControl: Info 	Saved/Backup/FollowCheck_2018-02-02-10-46-32.uasset
[2018.02.02-18.54.16:887][  0]SourceControl: Info 	Saved/Backup/FollowCheck_2018-02-02-11-00-42.uasset
[2018.02.02-18.54.16:887][  0]SourceControl: Info 	Saved/Backup/FollowCheck_2018-02-02-11-15-36.uasset
[2018.02.02-18.54.16:887][  0]SourceControl: Info 	Saved/Backup/FollowCheck_2018-02-02-11-26-57.uasset
[2018.02.02-18.54.16:887][  0]SourceControl: Info 	Saved/Backup/FollowCheck_2018-02-02-12-18-21.uasset
[2018.02.02-18.54.16:887][  0]SourceControl: Info 	Saved/Backup/FollowCheck_2018-02-02-12-43-10.uasset
[2018.02.02-18.54.16:887][  0]SourceControl: Info 	Saved/Backup/FollowerBT_2018-02-02-09-59-57.uasset
[2018.02.02-18.54.16:887][  0]SourceControl: Info 	Saved/Backup/FollowerBT_2018-02-02-10-10-08.uasset
[2018.02.02-18.54.16:887][  0]SourceControl: Info 	Saved/Backup/FollowerBT_2018-02-02-11-15-36.uasset
[2018.02.02-18.54.16:887][  0]SourceControl: Info 	Saved/Backup/FollowerBT_2018-02-02-12-07-23.uasset
[2018.02.02-18.54.16:887][  0]SourceControl: Info 	Saved/Backup/FollowerBT_2018-02-02-12-18-21.uasset
[2018.02.02-18.54.16:887][  0]SourceControl: Info 	Saved/Backup/FollowerBT_2018-02-02-12-25-27.uasset
[2018.02.02-18.54.16:887][  0]SourceControl: Info 	Saved/Backup/FollowerBT_2018-02-02-12-34-13.uasset
[2018.02.02-18.54.16:887][  0]SourceControl: Info 	Saved/Backup/FollowerBlackboard_2018-02-02-09-39-51.uasset
[2018.02.02-18.54.16:887][  0]SourceControl: Info 	Saved/Backup/Follower_AI_CON_2018-02-02-09-49-55.uasset
[2018.02.02-18.54.16:888][  0]SourceControl: Info 	Saved/Backup/Follower_AI_CON_2018-02-02-12-18-21.uasset
[2018.02.02-18.54.16:888][  0]SourceControl: Info 	Saved/Backup/Follower_AI_CON_2018-02-02-12-43-10.uasset
[2018.02.02-18.54.16:888][  0]SourceControl: Info 	Saved/Backup/MollyAI_2018-01-19-11-37-56.uasset
[2018.02.02-18.54.16:888][  0]SourceControl: Info 	Saved/Backup/MollyAI_2018-01-19-11-48-53.uasset
[2018.02.02-18.54.16:888][  0]SourceControl: Info 	Saved/Backup/MollyAI_2018-01-19-11-59-30.uasset
[2018.02.02-18.54.16:888][  0]SourceControl: Info 	Saved/Backup/MollyAI_2018-01-26-10-32-12.uasset
[2018.02.02-18.54.16:888][  0]SourceControl: Info 	Saved/Backup/MollyAI_2018-02-02-09-24-21.uasset
[2018.02.02-18.54.16:888][  0]SourceControl: Info 	Saved/Backup/Molly_AI_2018-02-02-09-37-04.uasset
[2018.02.02-18.54.16:888][  0]SourceControl: Info 	Saved/Backup/Molly_AI_2018-02-02-09-49-55.uasset
[2018.02.02-18.54.16:888][  0]SourceControl: Info 	Saved/Backup/Molly_AI_2018-02-02-10-36-31.uasset
[2018.02.02-18.54.16:888][  0]SourceControl: Info 	Saved/Backup/Molly_AI_2018-02-02-11-00-42.uasset
[2018.02.02-18.54.16:888][  0]SourceControl: Info 	Saved/Backup/Molly_AI_2018-02-02-11-15-36.uasset
[2018.02.02-18.54.16:888][  0]SourceControl: Info 	Saved/Backup/Molly_AI_2018-02-02-11-26-56.uasset
[2018.02.02-18.54.16:888][  0]SourceControl: Info 	Saved/Backup/Molly_AI_2018-02-02-11-40-59.uasset
[2018.02.02-18.54.16:888][  0]SourceControl: Info 	Saved/Backup/Molly_AI_2018-02-02-11-51-43.uasset
[2018.02.02-18.54.16:888][  0]SourceControl: Info 	Saved/Backup/Molly_AI_2018-02-02-12-18-21.uasset
[2018.02.02-18.54.16:888][  0]SourceControl: Info 	Saved/Backup/Molly_AI_2018-02-02-12-43-10.uasset
[2018.02.02-18.54.16:888][  0]SourceControl: Info 	Saved/Backup/RapidMoveTo_2018-02-02-11-00-42.uasset
[2018.02.02-18.54.16:888][  0]SourceControl: Info 	Saved/Backup/RapidMoveTo_2018-02-02-11-15-36.uasset
[2018.02.02-18.54.16:888][  0]SourceControl: Info 	Saved/Backup/RapidMoveTo_2018-02-02-11-26-57.uasset
[2018.02.02-18.54.16:888][  0]SourceControl: Info 	Saved/Backup/RapidMoveTo_2018-02-02-12-18-21.uasset
[2018.02.02-18.54.16:888][  0]SourceControl: Info 	Saved/Backup/RapidMoveTo_2018-02-02-12-43-10.uasset
[2018.02.02-18.54.16:888][  0]SourceControl: Info 	Saved/Backup/ThirdPersonCharacter_2018-02-02-09-37-03.uasset
[2018.02.02-18.54.16:888][  0]SourceControl: Info 	Saved/Backup/ThirdPersonCharacter_2018-02-02-10-36-31.uasset
[2018.02.02-18.54.16:888][  0]SourceControl: Info 	Saved/Backup/ThirdPersonCharacter_2018-02-02-11-00-42.uasset
[2018.02.02-18.54.16:888][  0]SourceControl: Info 	Saved/Backup/ThirdPersonCharacter_2018-02-02-11-15-36.uasset
[2018.02.02-18.54.16:888][  0]SourceControl: Info 	Saved/Backup/ThirdPersonCharacter_2018-02-02-11-26-56.uasset
[2018.02.02-18.54.16:888][  0]SourceControl: Info 	Saved/Backup/ThirdPersonCharacter_2018-02-02-12-46-59.uasset
[2018.02.02-18.54.16:888][  0]SourceControl: Info 	Saved/Backup/ThirdPersonExampleMap_2018-01-19-11-17-19.umap
[2018.02.02-18.54.16:888][  0]SourceControl: Info 	Saved/Backup/ThirdPersonExampleMap_2018-01-19-11-48-53.umap
[2018.02.02-18.54.16:888][  0]SourceControl: Info 	Saved/Backup/ThirdPersonExampleMap_2018-01-19-11-59-30.umap
[2018.02.02-18.54.16:888][  0]SourceControl: Info 	Saved/Backup/ThirdPersonExampleMap_2018-01-26-09-57-56.umap
[2018.02.02-18.54.16:888][  0]SourceControl: Info 	Saved/Backup/ThirdPersonExampleMap_2018-01-26-10-09-28.umap
[2018.02.02-18.54.16:888][  0]SourceControl: Info 	Saved/Backup/ThirdPersonExampleMap_2018-01-26-10-19-28.umap
[2018.02.02-18.54.16:888][  0]SourceControl: Info 	Saved/Backup/ThirdPersonExampleMap_2018-01-26-10-32-12.umap
[2018.02.02-18.54.16:888][  0]SourceControl: Info 	Saved/Backup/ThirdPersonExampleMap_2018-02-02-09-23-40.umap
[2018.02.02-18.54.16:888][  0]SourceControl: Info 	Saved/Backup/ThirdPersonExampleMap_2018-02-02-09-37-03.umap
[2018.02.02-18.54.16:888][  0]SourceControl: Info 	Saved/Backup/ThirdPersonExampleMap_2018-02-02-09-59-57.umap
[2018.02.02-18.54.16:888][  0]SourceControl: Info 	Saved/Backup/ThirdPersonExampleMap_2018-02-02-10-10-08.umap
[2018.02.02-18.54.16:888][  0]SourceControl: Info 	Saved/Backup/ThirdPersonExampleMap_2018-02-02-10-36-31.umap
[2018.02.02-18.54.16:888][  0]SourceControl: Info 	Saved/Backup/ThirdPersonExampleMap_2018-02-02-11-00-42.umap
[2018.02.02-18.54.16:888][  0]SourceControl: Info 	Saved/Backup/ThirdPersonExampleMap_2018-02-02-11-15-36.umap
[2018.02.02-18.54.16:888][  0]SourceControl: Info 	Saved/Backup/ThirdPersonExampleMap_2018-02-02-11-26-56.umap
[2018.02.02-18.54.16:888][  0]SourceControl: Info 	Saved/Backup/ThirdPersonExampleMap_2018-02-02-11-40-59.umap
[2018.02.02-18.54.16:888][  0]SourceControl: Info 	Saved/Backup/ThirdPersonExampleMap_2018-02-02-11-51-42.umap
[2018.02.02-18.54.16:888][  0]SourceControl: Info 	Saved/Backup/ThirdPersonExampleMap_2018-02-02-11-59-45.umap
[2018.02.02-18.54.16:888][  0]SourceControl: Info 	Saved/Backup/ThirdPersonExampleMap_2018-02-02-12-18-21.umap
[2018.02.02-18.54.16:888][  0]SourceControl: Info 	Saved/Backup/ThirdPersonExampleMap_2018-02-02-12-27-18.umap
[2018.02.02-18.54.16:888][  0]SourceControl: Info 	Saved/Backup/ThirdPersonExampleMap_2018-02-02-12-42-03.umap
[2018.02.02-18.54.16:888][  0]SourceControl: Info 	Saved/Backup/ThirdPersonExampleMap_BuiltData_2018-02-02-11-28-58.uasset
[2018.02.02-18.54.16:888][  0]SourceControl: Info 	Saved/Backup/ThirdPersonExampleMap_BuiltData_2018-02-02-11-59-45.uasset
[2018.02.02-18.54.16:888][  0]SourceControl: Info 	Saved/Backup/ThirdPersonExampleMap_BuiltData_2018-02-02-12-27-18.uasset
[2018.02.02-18.54.16:888][  0]SourceControl: Info 	Saved/Backup/ThirdPersonExampleMap_BuiltData_2018-02-02-12-42-03.uasset
[2018.02.02-18.54.16:888][  0]SourceControl: Info 	Saved/Config/CrashReportClient/UE4CC-Windows-022BB17C4AAF09B0BC96BDBD80C1AC70/
[2018.02.02-18.54.16:888][  0]SourceControl: Info 	Saved/Config/CrashReportClient/UE4CC-Windows-3AD88C3C4BA28472B8932E81A68C9C24/
[2018.02.02-18.54.16:888][  0]SourceControl: Info 	Saved/Config/CrashReportClient/UE4CC-Windows-6355D28F45FCE82DCC927AA337F8C6A4/
[2018.02.02-18.54.16:888][  0]SourceControl: Info 	Saved/Config/Windows/SourceControlSettings.ini
[2018.02.02-18.54.16:888][  0]SourceControl: Info 	Saved/Config/WorldState/
[2018.02.02-18.54.16:888][  0]SourceControl: Info 	Saved/Crashes/
[2018.02.02-18.54.16:888][  0]SourceControl: Info 	Saved/HardwareSurvey/
[2018.02.02-18.54.16:888][  0]SourceControl: Info 	Source/
[2018.02.02-18.54.16:888][  0]SourceControl: Info no changes added to commit (use "git add" and/or "git commit -a")
[2018.02.02-18.54.16:888][  0]LogContentStreaming: Texture pool size now 1000 MB
[2018.02.02-18.54.16:954][  0]LogSlate: Took 0.000188 seconds to synchronously load lazily loaded font '../../../Engine/Content/Slate/Fonts/Roboto-Light.ttf' (159K)
[2018.02.02-18.54.17:026][  2]LogAssetRegistry: Asset discovery search completed in 10.6004 seconds
[2018.02.02-18.54.17:028][  2]LogCollectionManager: Rebuilt the object cache for 0 collections in 0.000001 seconds (found 0 objects)
[2018.02.02-18.54.17:028][  2]LogCollectionManager: Fixed up redirectors for 0 collections in 0.000027 seconds (updated 0 objects)
[2018.02.02-18.55.05:592][767]LogEditorViewport: Clicking on Actor (LMB): StaticMeshActor (Wall11)
[2018.02.02-19.01.43:197][777]LogSlate: Took 0.000209 seconds to synchronously load lazily loaded font '../../../Engine/Content/Editor/Slate/Fonts/Roboto-Italic.ttf' (157K)
[2018.02.02-19.01.49:299][472]Cmd: QUIT_EDITOR
[2018.02.02-19.01.49:416][472]LogExit: Preparing to exit.
[2018.02.02-19.01.50:109][472]LogExit: Editor shut down
[2018.02.02-19.01.50:113][472]LogExit: Transaction tracking system shut down
[2018.02.02-19.01.50:162][472]LogObj: Freed 0b from 0 cluster array pools.
[2018.02.02-19.01.50:162][472]LogExit: Object subsystem successfully closed.
[2018.02.02-19.01.50:187][472]LogD3D11RHI: Shutdown
[2018.02.02-19.01.50:187][472]LogD3D11RHI: CleanupD3DDevice
[2018.02.02-19.01.50:291][472]LogD3D11RHI: ~FD3D11DynamicRHI
[2018.02.02-19.01.50:299][472]LogModuleManager: Shutting down and abandoning module HierarchicalLODOutliner (526)
[2018.02.02-19.01.50:299][472]LogModuleManager: Shutting down and abandoning module CrashTracker (524)
[2018.02.02-19.01.50:299][472]LogModuleManager: Shutting down and abandoning module SceneOutliner (522)
[2018.02.02-19.01.50:299][472]LogModuleManager: Shutting down and abandoning module AddContentDialog (520)
[2018.02.02-19.01.50:299][472]LogDirectoryWatcher: A directory notification for 'C:/Program Files/Epic Games/UE_4.16/FeaturePacks/' was aborted.
[2018.02.02-19.01.50:300][472]LogModuleManager: Shutting down and abandoning module WidgetCarousel (519)
[2018.02.02-19.01.50:300][472]LogModuleManager: Shutting down and abandoning module EditorWidgets (516)
[2018.02.02-19.01.50:300][472]LogModuleManager: Shutting down and abandoning module CollectionManager (514)
[2018.02.02-19.01.50:300][472]LogDirectoryWatcher: A directory notification for 'D:/VoodooEscape/Content/Collections/' was aborted.
[2018.02.02-19.01.50:300][472]LogDirectoryWatcher: A directory notification for 'D:/VoodooEscape/Content/Developers/student/Collections/' was aborted.
[2018.02.02-19.01.50:300][472]LogDirectoryWatcher: A directory notification for 'D:/VoodooEscape/Saved/Collections/' was aborted.
[2018.02.02-19.01.50:300][472]LogModuleManager: Shutting down and abandoning module StatsViewer (512)
[2018.02.02-19.01.50:300][472]LogModuleManager: Shutting down and abandoning module FoliageEdit (510)
[2018.02.02-19.01.50:300][472]LogModuleManager: Shutting down and abandoning module LandscapeEditor (508)
[2018.02.02-19.01.50:300][472]LogModuleManager: Shutting down and abandoning module MeshPaintMode (506)
[2018.02.02-19.01.50:300][472]LogModuleManager: Shutting down and abandoning module SceneDepthPickerMode (504)
[2018.02.02-19.01.50:300][472]LogModuleManager: Shutting down and abandoning module ActorPickerMode (502)
[2018.02.02-19.01.50:300][472]LogModuleManager: Shutting down and abandoning module GeometryMode (500)
[2018.02.02-19.01.50:300][472]LogModuleManager: Shutting down and abandoning module TextureAlignMode (498)
[2018.02.02-19.01.50:300][472]LogModuleManager: Shutting down and abandoning module BspMode (496)
[2018.02.02-19.01.50:300][472]LogModuleManager: Shutting down and abandoning module HardwareSurvey (494)
[2018.02.02-19.01.50:300][472]LogModuleManager: Shutting down and abandoning module SequenceRecorderSections (492)
[2018.02.02-19.01.50:300][472]LogModuleManager: Shutting down and abandoning module AutomationWorker (490)
[2018.02.02-19.01.50:300][472]LogModuleManager: Shutting down and abandoning module MatineeToLevelSequence (488)
[2018.02.02-19.01.50:300][472]LogModuleManager: Shutting down and abandoning module LevelSequenceEditor (486)
[2018.02.02-19.01.50:300][472]LogModuleManager: Shutting down and abandoning module PlacementMode (485)
[2018.02.02-19.01.50:300][472]LogModuleManager: Shutting down and abandoning module WmfMediaFactory (482)
[2018.02.02-19.01.50:300][472]LogModuleManager: Shutting down and abandoning module WmfMediaEditor (480)
[2018.02.02-19.01.50:300][472]LogModuleManager: Shutting down and abandoning module AvfMediaFactory (478)
[2018.02.02-19.01.50:301][472]LogModuleManager: Shutting down and abandoning module AvfMediaEditor (476)
[2018.02.02-19.01.50:301][472]LogModuleManager: Shutting down and abandoning module AndroidMediaFactory (474)
[2018.02.02-19.01.50:301][472]LogModuleManager: Shutting down and abandoning module Media (473)
[2018.02.02-19.01.50:301][472]LogModuleManager: Shutting down and abandoning module AndroidMediaEditor (470)
[2018.02.02-19.01.50:301][472]LogModuleManager: Shutting down and abandoning module CharacterAI (468)
[2018.02.02-19.01.50:301][472]LogModuleManager: Shutting down and abandoning module AudioCapture (466)
[2018.02.02-19.01.50:301][472]LogModuleManager: Shutting down and abandoning module SequenceRecorder (465)
[2018.02.02-19.01.50:301][472]LogModuleManager: Shutting down and abandoning module SmartSnapping (462)
[2018.02.02-19.01.50:301][472]LogModuleManager: Shutting down and abandoning module SessionServices (460)
[2018.02.02-19.01.50:301][472]LogModuleManager: Shutting down and abandoning module ViewportSnapping (458)
[2018.02.02-19.01.50:301][472]LogModuleManager: Shutting down and abandoning module ViewportInteraction (456)
[2018.02.02-19.01.50:301][472]LogModuleManager: Shutting down and abandoning module ClothPainter (454)
[2018.02.02-19.01.50:301][472]LogModuleManager: Shutting down and abandoning module LogVisualizer (452)
[2018.02.02-19.01.50:301][472]LogModuleManager: Shutting down and abandoning module IntroTutorials (450)
[2018.02.02-19.01.50:301][472]LogModuleManager: Shutting down and abandoning module GameProjectGeneration (449)
[2018.02.02-19.01.50:301][472]LogModuleManager: Shutting down and abandoning module EditorLiveStreaming (446)
[2018.02.02-19.01.50:301][472]LogModuleManager: Shutting down and abandoning module IOSPlatformEditor (444)
[2018.02.02-19.01.50:301][472]LogModuleManager: Shutting down and abandoning module HTML5PlatformEditor (442)
[2018.02.02-19.01.50:301][472]LogModuleManager: Shutting down and abandoning module AndroidPlatformEditor (440)
[2018.02.02-19.01.50:301][472]LogModuleManager: Shutting down and abandoning module AndroidDeviceDetection (439)
[2018.02.02-19.01.50:787][472]LogModuleManager: Shutting down and abandoning module IOSRuntimeSettings (436)
[2018.02.02-19.01.50:788][472]LogModuleManager: Shutting down and abandoning module AndroidRuntimeSettings (434)
[2018.02.02-19.01.50:788][472]LogModuleManager: Shutting down and abandoning module InputBindingEditor (432)
[2018.02.02-19.01.50:788][472]LogModuleManager: Shutting down and abandoning module MergeActors (430)
[2018.02.02-19.01.50:788][472]LogModuleManager: Shutting down and abandoning module SizeMap (428)
[2018.02.02-19.01.50:788][472]LogModuleManager: Shutting down and abandoning module TreeMap (426)
[2018.02.02-19.01.50:788][472]LogModuleManager: Shutting down and abandoning module ReferenceViewer (424)
[2018.02.02-19.01.50:788][472]LogModuleManager: Shutting down and abandoning module LocalizationDashboard (422)
[2018.02.02-19.01.50:788][472]LogModuleManager: Shutting down and abandoning module LocalizationService (421)
[2018.02.02-19.01.50:788][472]LogModuleManager: Shutting down and abandoning module HardwareTargeting (418)
[2018.02.02-19.01.50:788][472]LogModuleManager: Shutting down and abandoning module DeviceProfileEditor (416)
[2018.02.02-19.01.50:788][472]LogModuleManager: Shutting down and abandoning module UndoHistory (414)
[2018.02.02-19.01.50:788][472]LogModuleManager: Shutting down and abandoning module UserFeedback (412)
[2018.02.02-19.01.50:788][472]LogModuleManager: Shutting down and abandoning module XmlParser (410)
[2018.02.02-19.01.50:788][472]LogModuleManager: Shutting down and abandoning module Blutility (408)
[2018.02.02-19.01.50:788][472]LogModuleManager: Shutting down and abandoning module ProjectSettingsViewer (406)
[2018.02.02-19.01.50:788][472]LogModuleManager: Shutting down and abandoning module ProjectTargetPlatformEditor (405)
[2018.02.02-19.01.50:788][472]LogModuleManager: Shutting down and abandoning module EditorSettingsViewer (402)
[2018.02.02-19.01.50:788][472]LogModuleManager: Shutting down and abandoning module SettingsEditor (400)
[2018.02.02-19.01.50:788][472]LogModuleManager: Shutting down and abandoning module ProjectLauncher (398)
[2018.02.02-19.01.50:788][472]LogModuleManager: Shutting down and abandoning module SessionFrontend (396)
[2018.02.02-19.01.50:788][472]LogModuleManager: Shutting down and abandoning module ProfilerClient (394)
[2018.02.02-19.01.50:788][472]LogModuleManager: Shutting down and abandoning module DeviceManager (392)
[2018.02.02-19.01.50:788][472]LogModuleManager: Shutting down and abandoning module TargetDeviceServices (391)
[2018.02.02-19.01.50:839][472]LogModuleManager: Shutting down and abandoning module AutomationController (388)
[2018.02.02-19.01.50:839][472]LogModuleManager: Shutting down and abandoning module AutomationWindow (386)
[2018.02.02-19.01.50:839][472]LogModuleManager: Shutting down and abandoning module Layers (384)
[2018.02.02-19.01.50:839][472]LogModuleManager: Shutting down and abandoning module ComponentVisualizers (382)
[2018.02.02-19.01.50:839][472]LogModuleManager: Shutting down and abandoning module DetailCustomizations (380)
[2018.02.02-19.01.50:839][472]LogModuleManager: Shutting down and abandoning module PackagesDialog (378)
[2018.02.02-19.01.50:839][472]LogModuleManager: Shutting down and abandoning module Persona (376)
[2018.02.02-19.01.50:839][472]LogModuleManager: Shutting down and abandoning module AdvancedPreviewScene (375)
[2018.02.02-19.01.50:839][472]LogModuleManager: Shutting down and abandoning module AnimGraph (373)
[2018.02.02-19.01.50:839][472]LogModuleManager: Shutting down and abandoning module Kismet (370)
[2018.02.02-19.01.50:840][472]LogModuleManager: Shutting down and abandoning module ClassViewer (368)
[2018.02.02-19.01.50:840][472]LogModuleManager: Shutting down and abandoning module Toolbox (366)
[2018.02.02-19.01.50:840][472]LogModuleManager: Shutting down and abandoning module ModuleUI (364)
[2018.02.02-19.01.50:840][472]LogModuleManager: Shutting down and abandoning module MovieSceneTools (362)
[2018.02.02-19.01.50:840][472]LogModuleManager: Shutting down and abandoning module OutputLog (360)
[2018.02.02-19.01.50:840][472]LogModuleManager: Shutting down and abandoning module GammaUI (358)
[2018.02.02-19.01.50:840][472]LogModuleManager: Shutting down and abandoning module Documentation (356)
[2018.02.02-19.01.50:840][472]LogModuleManager: Shutting down and abandoning module MovieSceneTracks (354)
[2018.02.02-19.01.50:841][472]LogModuleManager: Shutting down and abandoning module MovieScene (352)
[2018.02.02-19.01.50:841][472]LogModuleManager: Shutting down and abandoning module Niagara (350)
[2018.02.02-19.01.50:841][472]LogModuleManager: Shutting down and abandoning module NiagaraEditor (349)
[2018.02.02-19.01.50:841][472]LogModuleManager: Shutting down and abandoning module StreamingPauseRendering (346)
[2018.02.02-19.01.50:841][472]LogModuleManager: Shutting down and abandoning module AnalyticsET (344)
[2018.02.02-19.01.50:841][472]LogModuleManager: Shutting down and abandoning module PortalServices (342)
[2018.02.02-19.01.50:841][472]LogModuleManager: Shutting down and abandoning module PortalRpc (340)
[2018.02.02-19.01.50:841][472]LogModuleManager: Shutting down and abandoning module MessagingRpc (338)
[2018.02.02-19.01.50:841][472]LogModuleManager: Shutting down and abandoning module AIModule (336)
[2018.02.02-19.01.50:841][472]LogModuleManager: Shutting down and abandoning module GameplayDebugger (335)
[2018.02.02-19.01.50:841][472]LogModuleManager: Shutting down and abandoning module AITestSuite (333)
[2018.02.02-19.01.50:841][472]LogModuleManager: Shutting down and abandoning module ProfilerService (330)
[2018.02.02-19.01.50:942][472]LogModuleManager: Shutting down and abandoning module TaskGraph (328)
[2018.02.02-19.01.50:942][472]LogModuleManager: Shutting down and abandoning module SteamVRController (326)
[2018.02.02-19.01.50:942][472]LogModuleManager: Shutting down and abandoning module SteamVR (324)
[2018.02.02-19.01.50:942][472]LogModuleManager: Shutting down and abandoning module ProceduralMeshComponentEditor (322)
[2018.02.02-19.01.50:942][472]LogModuleManager: Shutting down and abandoning module ProceduralMeshComponent (320)
[2018.02.02-19.01.50:942][472]LogModuleManager: Shutting down and abandoning module OculusLibrary (318)
[2018.02.02-19.01.50:942][472]LogModuleManager: Shutting down and abandoning module OculusInput (316)
[2018.02.02-19.01.50:942][472]LogModuleManager: Shutting down and abandoning module MobilePatchingUtils (314)
[2018.02.02-19.01.50:942][472]LogModuleManager: Shutting down and abandoning module CustomMeshComponent (312)
[2018.02.02-19.01.50:942][472]LogModuleManager: Shutting down and abandoning module CableComponent (310)
[2018.02.02-19.01.50:942][472]LogModuleManager: Shutting down and abandoning module ArchVisCharacter (308)
[2018.02.02-19.01.50:943][472]LogModuleManager: Shutting down and abandoning module AndroidPermission (306)
[2018.02.02-19.01.50:943][472]LogModuleManager: Shutting down and abandoning module MediaPlayerEditor (302)
[2018.02.02-19.01.50:943][472]LogModuleManager: Shutting down and abandoning module HTML5Networking (300)
[2018.02.02-19.01.50:943][472]LogModuleManager: Shutting down and abandoning module AlembicImporter (298)
[2018.02.02-19.01.50:943][472]LogModuleManager: Shutting down and abandoning module AlembicLibrary (297)
[2018.02.02-19.01.50:943][472]LogModuleManager: Shutting down and abandoning module GeometryCache (296)
[2018.02.02-19.01.50:943][472]LogModuleManager: Shutting down and abandoning module GeometryCacheEd (295)
[2018.02.02-19.01.50:943][472]LogModuleManager: Shutting down and abandoning module SuperSearchEditor (290)
[2018.02.02-19.01.50:943][472]LogModuleManager: Shutting down and abandoning module SuperSearch (289)
[2018.02.02-19.01.50:943][472]LogModuleManager: Shutting down and abandoning module SpeedTreeImporter (286)
[2018.02.02-19.01.50:943][472]LogModuleManager: Shutting down and abandoning module PluginBrowser (284)
[2018.02.02-19.01.50:943][472]LogModuleManager: Shutting down and abandoning module MobileLauncherProfileWizard (282)
[2018.02.02-19.01.50:943][472]LogModuleManager: Shutting down and abandoning module VisualStudioSourceCodeAccess (280)
[2018.02.02-19.01.50:943][472]LogModuleManager: Shutting down and abandoning module DesktopPlatform (279)
[2018.02.02-19.01.50:943][472]LogModuleManager: Shutting down and abandoning module UObjectPlugin (276)
[2018.02.02-19.01.50:943][472]LogModuleManager: Shutting down and abandoning module SubversionSourceControl (274)
[2018.02.02-19.01.50:943][472]LogModuleManager: Shutting down and abandoning module PerforceSourceControl (272)
[2018.02.02-19.01.50:943][472]LogModuleManager: Shutting down and abandoning module GitSourceControl (270)
[2018.02.02-19.01.50:943][472]LogModuleManager: Shutting down and abandoning module SourceControl (269)
[2018.02.02-19.01.50:943][472]LogModuleManager: Shutting down and abandoning module LightPropagationVolumeEditor (266)
[2018.02.02-19.01.50:943][472]LogModuleManager: Shutting down and abandoning module PaperTiledImporter (264)
[2018.02.02-19.01.50:943][472]LogModuleManager: Shutting down and abandoning module PaperSpriteSheetImporter (262)
[2018.02.02-19.01.50:943][472]LogModuleManager: Shutting down and abandoning module Paper2DEditor (260)
[2018.02.02-19.01.50:943][472]LogModuleManager: Shutting down and abandoning module MeshPaint (259)
[2018.02.02-19.01.50:943][472]LogModuleManager: Shutting down and abandoning module LevelEditor (257)
[2018.02.02-19.01.50:945][472]LogModuleManager: Shutting down and abandoning module PixelInspectorModule (256)
[2018.02.02-19.01.50:945][472]LogModuleManager: Shutting down and abandoning module MainFrame (254)
[2018.02.02-19.01.50:945][472]LogModuleManager: Shutting down and abandoning module HotReload (253)
[2018.02.02-19.01.50:945][472]LogDirectoryWatcher: A directory notification for 'D:/VoodooEscape/Binaries/Win64' was aborted.
[2018.02.02-19.01.50:946][472]LogModuleManager: Shutting down and abandoning module VoodooEscape (248)
[2018.02.02-19.01.50:946][472]LogModuleManager: Shutting down and abandoning module PhysXVehiclesEditor (246)
[2018.02.02-19.01.50:946][472]LogModuleManager: Shutting down and abandoning module PhysXVehicles (244)
[2018.02.02-19.01.50:946][472]LogModuleManager: Shutting down and abandoning module LocationServicesBPLibrary (242)
[2018.02.02-19.01.50:946][472]LogModuleManager: Shutting down and abandoning module ImmediatePhysicsEditor (240)
[2018.02.02-19.01.50:946][472]LogModuleManager: Shutting down and abandoning module ImmediatePhysics (238)
[2018.02.02-19.01.50:946][472]LogModuleManager: Shutting down and abandoning module UdpMessaging (236)
[2018.02.02-19.01.51:046][472]LogModuleManager: Shutting down and abandoning module TcpMessaging (234)
[2018.02.02-19.01.51:146][472]LogModuleManager: Shutting down and abandoning module GameplayTagsEditor (232)
[2018.02.02-19.01.51:146][472]LogModuleManager: Shutting down and abandoning module FacialAnimationEditor (230)
[2018.02.02-19.01.51:146][472]LogModuleManager: Shutting down and abandoning module FacialAnimation (228)
[2018.02.02-19.01.51:146][472]LogModuleManager: Shutting down and abandoning module AssetManagerEditor (226)
[2018.02.02-19.01.51:146][472]LogModuleManager: Shutting down and abandoning module GraphEditor (225)
[2018.02.02-19.01.51:146][472]LogModuleManager: Shutting down and abandoning module ContentBrowser (223)
[2018.02.02-19.01.51:148][472]LogModuleManager: Shutting down and abandoning module LightPropagationVolumeRuntime (220)
[2018.02.02-19.01.51:148][472]LogModuleManager: Shutting down and abandoning module Paper2D (218)
[2018.02.02-19.01.51:148][472]LogModuleManager: Shutting down and abandoning module WindowsMoviePlayer (216)
[2018.02.02-19.01.51:148][472]LogModuleManager: Shutting down and abandoning module WmfMedia (214)
[2018.02.02-19.01.51:149][472]LogModuleManager: Shutting down and abandoning module ClothingSystemEditor (212)
[2018.02.02-19.01.51:149][472]LogModuleManager: Shutting down and abandoning module ClothingSystemRuntime (210)
[2018.02.02-19.01.51:149][472]LogModuleManager: Shutting down and abandoning module MediaAssets (208)
[2018.02.02-19.01.51:149][472]LogModuleManager: Shutting down and abandoning module GameLiveStreaming (206)
[2018.02.02-19.01.51:150][472]LogModuleManager: Shutting down and abandoning module VREditor (204)
[2018.02.02-19.01.51:150][472]LogModuleManager: Shutting down and abandoning module StringTableEditor (202)
[2018.02.02-19.01.51:150][472]LogModuleManager: Shutting down and abandoning module GameplayTasksEditor (200)
[2018.02.02-19.01.51:150][472]LogModuleManager: Shutting down and abandoning module BehaviorTreeEditor (198)
[2018.02.02-19.01.51:150][472]LogModuleManager: Shutting down and abandoning module FunctionalTesting (196)
[2018.02.02-19.01.51:150][472]LogModuleManager: Shutting down and abandoning module CollisionAnalyzer (194)
[2018.02.02-19.01.51:150][472]LogModuleManager: Shutting down and abandoning module UMG (192)
[2018.02.02-19.01.51:150][472]LogModuleManager: Shutting down and abandoning module UMGEditor (191)
[2018.02.02-19.01.51:150][472]LogModuleManager: Shutting down and abandoning module Sequencer (190)
[2018.02.02-19.01.51:150][472]LogModuleManager: Shutting down and abandoning module AssetTools (188)
[2018.02.02-19.01.51:150][472]LogModuleManager: Shutting down and abandoning module MessageLog (187)
[2018.02.02-19.01.51:150][472]LogModuleManager: Shutting down and abandoning module WorkspaceMenuStructure (186)
[2018.02.02-19.01.51:150][472]LogModuleManager: Shutting down and abandoning module SlateReflector (180)
[2018.02.02-19.01.51:150][472]LogModuleManager: Shutting down and abandoning module Slate (178)
[2018.02.02-19.01.51:150][472]LogModuleManager: Shutting down and abandoning module EditorStyle (176)
[2018.02.02-19.01.51:155][472]LogModuleManager: Shutting down and abandoning module SourceCodeAccess (174)
[2018.02.02-19.01.51:155][472]LogModuleManager: Shutting down and abandoning module HeadMountedDisplay (172)
[2018.02.02-19.01.51:155][472]LogModuleManager: Shutting down and abandoning module XAudio2 (170)
[2018.02.02-19.01.51:155][472]LogModuleManager: Shutting down and abandoning module Networking (168)
[2018.02.02-19.01.51:155][472]LogModuleManager: Shutting down and abandoning module Core (164)
[2018.02.02-19.01.51:155][472]LogModuleManager: Shutting down and abandoning module AssetRegistry (162)
[2018.02.02-19.01.51:298][472]LogDirectoryWatcher: A directory notification for '../../../Engine/Content/' was aborted.
[2018.02.02-19.01.51:298][472]LogDirectoryWatcher: A directory notification for 'D:/VoodooEscape/Content/' was aborted.
[2018.02.02-19.01.51:298][472]LogDirectoryWatcher: A directory notification for '../../../Engine/Plugins/2D/Paper2D/Content/' was aborted.
[2018.02.02-19.01.51:298][472]LogDirectoryWatcher: A directory notification for '../../../Engine/Plugins/Runtime/GearVR/Content/' was aborted.
[2018.02.02-19.01.51:303][472]LogModuleManager: Shutting down and abandoning module DirectoryWatcher (161)
[2018.02.02-19.01.51:304][472]LogModuleManager: Shutting down and abandoning module KismetCompiler (158)
[2018.02.02-19.01.51:304][472]LogModuleManager: Shutting down and abandoning module PhysXFormats (156)
[2018.02.02-19.01.51:304][472]LogModuleManager: Shutting down and abandoning module MeshUtilities (154)
[2018.02.02-19.01.51:304][472]LogModuleManager: Shutting down and abandoning module SimplygonSwarm (153)
[2018.02.02-19.01.51:304][472]LogModuleManager: Shutting down and abandoning module SimplygonMeshReduction (151)
[2018.02.02-19.01.51:304][472]LogModuleManager: Shutting down and abandoning module QuadricMeshReduction (149)
[2018.02.02-19.01.51:304][472]LogModuleManager: Shutting down and abandoning module LevelSequence (146)
[2018.02.02-19.01.51:304][472]LogModuleManager: Shutting down and abandoning module DerivedDataCache (144)
[2018.02.02-19.01.51:333][472]LogDerivedDataCache: Shutdown
[2018.02.02-19.01.51:333][472]LogModuleManager: Shutting down and abandoning module TargetPlatform (142)
[2018.02.02-19.01.51:334][472]LogModuleManager: Shutting down and abandoning module VulkanShaderFormat (141)
[2018.02.02-19.01.51:334][472]LogModuleManager: Shutting down and abandoning module ShaderFormatVectorVM (139)
[2018.02.02-19.01.51:334][472]LogModuleManager: Shutting down and abandoning module ShaderFormatOpenGL (137)
[2018.02.02-19.01.51:334][472]LogModuleManager: Shutting down and abandoning module ShaderFormatD3D (135)
[2018.02.02-19.01.51:334][472]LogModuleManager: Shutting down and abandoning module MetalShaderFormat (133)
[2018.02.02-19.01.51:334][472]LogModuleManager: Shutting down and abandoning module TextureFormatUncompressed (131)
[2018.02.02-19.01.51:334][472]LogModuleManager: Shutting down and abandoning module TextureFormatPVR (129)
[2018.02.02-19.01.51:334][472]LogModuleManager: Shutting down and abandoning module TextureFormatDXT (127)
[2018.02.02-19.01.51:334][472]LogModuleManager: Shutting down and abandoning module TextureFormatIntelISPCTexComp (125)
[2018.02.02-19.01.51:334][472]LogModuleManager: Shutting down and abandoning module TextureFormatASTC (123)
[2018.02.02-19.01.51:334][472]LogModuleManager: Shutting down and abandoning module ImageWrapper (122)
[2018.02.02-19.01.51:334][472]LogModuleManager: Shutting down and abandoning module TextureFormatAndroid (119)
[2018.02.02-19.01.51:334][472]LogModuleManager: Shutting down and abandoning module AudioFormatOpus (117)
[2018.02.02-19.01.51:334][472]LogModuleManager: Shutting down and abandoning module AudioFormatOgg (115)
[2018.02.02-19.01.51:334][472]LogModuleManager: Shutting down and abandoning module AudioFormatADPCM (113)
[2018.02.02-19.01.51:334][472]LogModuleManager: Shutting down and abandoning module LinuxTargetPlatform (111)
[2018.02.02-19.01.51:334][472]LogModuleManager: Shutting down and abandoning module LinuxServerTargetPlatform (109)
[2018.02.02-19.01.51:334][472]LogModuleManager: Shutting down and abandoning module LinuxNoEditorTargetPlatform (107)
[2018.02.02-19.01.51:334][472]LogModuleManager: Shutting down and abandoning module LinuxClientTargetPlatform (105)
[2018.02.02-19.01.51:334][472]LogModuleManager: Shutting down and abandoning module TVOSTargetPlatform (103)
[2018.02.02-19.01.51:334][472]LogModuleManager: Shutting down and abandoning module Messaging (101)
[2018.02.02-19.01.51:334][472]LogModuleManager: Shutting down and abandoning module IOSTargetPlatform (99)
[2018.02.02-19.01.51:334][472]LogModuleManager: Shutting down and abandoning module HTML5TargetPlatform (97)
[2018.02.02-19.01.51:334][472]LogModuleManager: Shutting down and abandoning module Android_PVRTCTargetPlatform (95)
[2018.02.02-19.01.51:334][472]LogModuleManager: Shutting down and abandoning module Android_MultiTargetPlatform (93)
[2018.02.02-19.01.51:334][472]LogModuleManager: Shutting down and abandoning module Android_ETC2TargetPlatform (91)
[2018.02.02-19.01.51:334][472]LogModuleManager: Shutting down and abandoning module Android_ETC1TargetPlatform (89)
[2018.02.02-19.01.51:334][472]LogModuleManager: Shutting down and abandoning module Android_DXTTargetPlatform (87)
[2018.02.02-19.01.51:334][472]LogModuleManager: Shutting down and abandoning module Android_ATCTargetPlatform (85)
[2018.02.02-19.01.51:334][472]LogModuleManager: Shutting down and abandoning module Android_ASTCTargetPlatform (83)
[2018.02.02-19.01.51:334][472]LogModuleManager: Shutting down and abandoning module AndroidTargetPlatform (81)
[2018.02.02-19.01.51:334][472]LogModuleManager: Shutting down and abandoning module WindowsTargetPlatform (79)
[2018.02.02-19.01.51:334][472]LogModuleManager: Shutting down and abandoning module WindowsServerTargetPlatform (77)
[2018.02.02-19.01.51:334][472]LogModuleManager: Shutting down and abandoning module WindowsNoEditorTargetPlatform (75)
[2018.02.02-19.01.51:334][472]LogModuleManager: Shutting down and abandoning module WindowsClientTargetPlatform (73)
[2018.02.02-19.01.51:334][472]LogModuleManager: Shutting down and abandoning module MacTargetPlatform (71)
[2018.02.02-19.01.51:334][472]LogModuleManager: Shutting down and abandoning module MacServerTargetPlatform (69)
[2018.02.02-19.01.51:334][472]LogModuleManager: Shutting down and abandoning module MacNoEditorTargetPlatform (67)
[2018.02.02-19.01.51:334][472]LogModuleManager: Shutting down and abandoning module MacClientTargetPlatform (65)
[2018.02.02-19.01.51:334][472]LogModuleManager: Shutting down and abandoning module AllDesktopTargetPlatform (63)
[2018.02.02-19.01.51:334][472]LogModuleManager: Shutting down and abandoning module InputCore (60)
[2018.02.02-19.01.51:334][472]LogModuleManager: Shutting down and abandoning module Settings (58)
[2018.02.02-19.01.51:334][472]LogModuleManager: Shutting down and abandoning module OculusRift (56)
[2018.02.02-19.01.51:335][472]LogModuleManager: Shutting down and abandoning module GearVRController (54)
[2018.02.02-19.01.51:335][472]LogModuleManager: Shutting down and abandoning module GearVR (52)
[2018.02.02-19.01.51:335][472]LogModuleManager: Shutting down and abandoning module ExampleDeviceProfileSelector (50)
[2018.02.02-19.01.51:335][472]LogModuleManager: Shutting down and abandoning module OnlineBlueprintSupport (48)
[2018.02.02-19.01.51:335][472]LogModuleManager: Shutting down and abandoning module OnlineSubsystem (44)
[2018.02.02-19.01.51:335][472]LogOnline:Display: Unloading online subsystem: NULL
[2018.02.02-19.01.51:335][472]LogModuleManager: Shutting down and abandoning module XMPP (43)
[2018.02.02-19.01.51:335][472]LogModuleManager: Shutting down and abandoning module HTTP (41)
[2018.02.02-19.01.51:335][472]LogHttp:Display: Http module shutting down, but needs to wait on 1 outstanding Http requests:
[2018.02.02-19.01.51:335][472]LogHttp:Display: 	verb=[POST] url=[https://datarouter.ol.epicgames.com/datarouter/api/v1/public/data?SessionID=%7B0482DA81-446B-038C-CE3F-A889E3528879%7D&AppID=UEEditor.Rocket.Release&AppVersion=4.16.1-3466753%2B%2B%2BUE4%2BRelease-4.16&UserID=1151f1be43a692b902ed169b396b4e98%7C3e8c8453ca8e49a6821ba5a8146ec577%7C0d795e83-8b02-4b75-a048-1a5d25071ed2&AppEnvironment=datacollector-binary&UploadType=eteventstream] status=Processing
[2018.02.02-19.01.51:354][472]LogModuleManager: Shutting down and abandoning module SSL (40)
[2018.02.02-19.01.51:357][472]LogModuleManager: Shutting down and abandoning module HTTPChunkInstaller (36)
[2018.02.02-19.01.51:357][472]LogModuleManager: Shutting down and abandoning module AnimationModifiers (34)
[2018.02.02-19.01.51:357][472]LogModuleManager: Shutting down and abandoning module PropertyEditor (33)
[2018.02.02-19.01.51:357][472]LogModuleManager: Shutting down and abandoning module AudioEditor (30)
[2018.02.02-19.01.51:357][472]LogModuleManager: Shutting down and abandoning module TextureCompressor (28)
[2018.02.02-19.01.51:357][472]LogModuleManager: Shutting down and abandoning module ShaderCore (26)
[2018.02.02-19.01.51:358][472]LogModuleManager: Shutting down and abandoning module Landscape (24)
[2018.02.02-19.01.51:358][472]LogModuleManager: Shutting down and abandoning module SlateRHIRenderer (22)
[2018.02.02-19.01.51:359][472]LogModuleManager: Shutting down and abandoning module OpenGLDrv (20)
[2018.02.02-19.01.51:359][472]LogModuleManager: Shutting down and abandoning module D3D11RHI (18)
[2018.02.02-19.01.51:359][472]LogModuleManager: Shutting down and abandoning module AnimGraphRuntime (16)
[2018.02.02-19.01.51:359][472]LogModuleManager: Shutting down and abandoning module Renderer (14)
[2018.02.02-19.01.51:359][472]LogModuleManager: Shutting down and abandoning module Engine (12)
[2018.02.02-19.01.51:359][472]LogModuleManager: Shutting down and abandoning module CoreUObject (10)
[2018.02.02-19.01.51:359][472]LogModuleManager: Shutting down and abandoning module NetworkFile (8)
[2018.02.02-19.01.51:359][472]LogModuleManager: Shutting down and abandoning module StreamingFile (6)
[2018.02.02-19.01.51:359][472]LogModuleManager: Shutting down and abandoning module SandboxFile (4)
[2018.02.02-19.01.51:359][472]LogModuleManager: Shutting down and abandoning module PakFile (2)
[2018.02.02-19.01.51:363][472]LogExit: Exiting.
[2018.02.02-19.01.51:391][472]Log file closed, 02/02/18 13:01:51
